c:\users\t14\documents\github\glut-game-dmet502\openglme.2ee1f2c2\debug\vc143.pdb
c:\users\t14\documents\github\glut-game-dmet502\openglme.2ee1f2c2\debug\vc143.idb
c:\users\t14\documents\github\glut-game-dmet502\openglme.2ee1f2c2\debug\prefix_vector.obj
c:\users\t14\documents\github\glut-game-dmet502\openglme.2ee1f2c2\debug\prefix_player.obj
c:\users\t14\documents\github\glut-game-dmet502\openglme.2ee1f2c2\debug\prefix_physics.obj
c:\users\t14\documents\github\glut-game-dmet502\openglme.2ee1f2c2\debug\prefix_l2.obj
c:\users\t14\documents\github\glut-game-dmet502\openglme.2ee1f2c2\debug\prefix_l1.obj
c:\users\t14\documents\github\glut-game-dmet502\openglme.2ee1f2c2\debug\prefix_entity.obj
c:\users\t14\documents\github\glut-game-dmet502\openglme.2ee1f2c2\debug\prefix_collectable.obj
c:\users\t14\documents\github\glut-game-dmet502\openglme.2ee1f2c2\debug\prefix_camera.obj
c:\users\t14\documents\github\glut-game-dmet502\openglme.2ee1f2c2\debug\openglmeshloader.obj
c:\users\t14\documents\github\glut-game-dmet502\openglme.2ee1f2c2\debug\model_3ds.obj
c:\users\t14\documents\github\glut-game-dmet502\openglme.2ee1f2c2\debug\gltexture.obj
c:\users\t14\documents\github\glut-game-dmet502\debug\openglmeshloader19.exe
c:\users\t14\documents\github\glut-game-dmet502\debug\openglmeshloader19.pdb
c:\users\t14\documents\github\glut-game-dmet502\openglme.2ee1f2c2\debug\openglme.2ee1f2c2.tlog\cl.command.1.tlog
c:\users\t14\documents\github\glut-game-dmet502\openglme.2ee1f2c2\debug\openglme.2ee1f2c2.tlog\cl.items.tlog
c:\users\t14\documents\github\glut-game-dmet502\openglme.2ee1f2c2\debug\openglme.2ee1f2c2.tlog\cl.read.1.tlog
c:\users\t14\documents\github\glut-game-dmet502\openglme.2ee1f2c2\debug\openglme.2ee1f2c2.tlog\cl.write.1.tlog
c:\users\t14\documents\github\glut-game-dmet502\openglme.2ee1f2c2\debug\openglme.2ee1f2c2.tlog\link.command.1.tlog
c:\users\t14\documents\github\glut-game-dmet502\openglme.2ee1f2c2\debug\openglme.2ee1f2c2.tlog\link.read.1.tlog
c:\users\t14\documents\github\glut-game-dmet502\openglme.2ee1f2c2\debug\openglme.2ee1f2c2.tlog\link.secondary.1.tlog
c:\users\t14\documents\github\glut-game-dmet502\openglme.2ee1f2c2\debug\openglme.2ee1f2c2.tlog\link.write.1.tlog
